2024-10-25 23:26:50,713 | INFO | SCRAPING ARBEIDSPLASSEN WITH None=
2024-10-25 23:26:50,714 | INFO | SCRAPING PAGE 1
2024-10-25 23:26:53,632 | INFO | TITLE: Serviceinnstilt kino- og kioskvert til Harstad Kino
2024-10-25 23:26:54,773 | INFO | TITLE: Engasjert medarbeider søkes
2024-10-25 23:26:55,913 | INFO | TITLE: Billakkerer/Smart Repair søkes for snarlig ansettelse.
2024-10-25 23:26:57,153 | INFO | TITLE: TAXISJÅFØR
2024-10-25 23:26:58,209 | INFO | TITLE: SJÅFØR MINIBUSS
2024-10-25 23:26:59,338 | INFO | TITLE: Vi søker kjøkkenmedarbeider hos Jordbærpikene Buskerud
2024-10-25 23:27:00,734 | INFO | TITLE: Vi ser etter skjulte talenter! Er det deg?
2024-10-25 23:27:01,689 | INFO | TITLE: Vi ser etter skjulte perler! Er det deg?
2024-10-25 23:27:02,824 | INFO | TITLE: Er du en utpreget nattugle, som trives best med å jobbe natt?
2024-10-25 23:27:04,084 | INFO | TITLE: Vi ser etter deg som har fart i kroppen, glimt i øyet og som motiveres av glade og fornøyde kunder
2024-10-25 23:27:05,436 | INFO | TITLE: Soul Sessions Oslo søker administrativ leder
2024-10-25 23:27:07,016 | INFO | TITLE: Vi trenger flere flinke frisører
2024-10-25 23:27:07,999 | INFO | TITLE: Dyktig frisører søkes
2024-10-25 23:27:09,782 | INFO | TITLE: kokk
2024-10-25 23:27:11,145 | INFO | TITLE: fulltid servitør
2024-10-25 23:27:12,536 | INFO | TITLE: Fagleder IKT
2024-10-25 23:27:14,496 | INFO | TITLE: Fagansvarlig Statsautorisert Regnskapsfører
2024-10-25 23:27:15,924 | INFO | TITLE: Jobb hjemmefra som møtebooker, tjen 1000-4000 kr per møtebooking
2024-10-25 23:27:17,510 | INFO | TITLE: Mystery Shopper og Alderskontrollør Kirkenes
2024-10-25 23:27:19,000 | INFO | TITLE: Helsesekretær til Nordbyen legesenter
2024-10-25 23:27:20,500 | INFO | TITLE: Mystery Shopper og Alderskontrollør Alta
2024-10-25 23:27:22,062 | INFO | TITLE: B2B Salgsekspert - Møtebooking og relasjonsbygger i Bergen
2024-10-25 23:27:23,086 | INFO | TITLE: Mysteryshopper/Alderskontrollør Harstad
2024-10-25 23:27:24,344 | INFO | TITLE: Mystery Shopper og Alderskontrollør Tromsø
2024-10-25 23:27:25,651 | INFO | TITLE: Mysteryshopper/Alderskontrollør
2024-10-25 23:28:10,524 | INFO | SCRAPING ARBEIDSPLASSEN WITH None=
2024-10-25 23:28:10,525 | INFO | SCRAPING PAGE 1
2024-10-25 23:28:13,953 | INFO | TITLE: Serviceinnstilt kino- og kioskvert til Harstad Kino
2024-10-25 23:28:15,423 | INFO | TITLE: Engasjert medarbeider søkes
2024-10-25 23:28:16,749 | INFO | TITLE: Billakkerer/Smart Repair søkes for snarlig ansettelse.
2024-10-25 23:28:18,651 | INFO | TITLE: TAXISJÅFØR
2024-10-25 23:28:20,104 | INFO | TITLE: SJÅFØR MINIBUSS
2024-10-25 23:28:21,975 | INFO | TITLE: Vi søker kjøkkenmedarbeider hos Jordbærpikene Buskerud
2024-10-25 23:28:22,949 | INFO | TITLE: Vi ser etter skjulte talenter! Er det deg?
2024-10-25 23:28:24,578 | INFO | TITLE: Vi ser etter skjulte perler! Er det deg?
2024-10-25 23:28:25,857 | INFO | TITLE: Er du en utpreget nattugle, som trives best med å jobbe natt?
2024-10-25 23:28:27,181 | INFO | TITLE: Vi ser etter deg som har fart i kroppen, glimt i øyet og som motiveres av glade og fornøyde kunder
2024-10-25 23:28:28,512 | INFO | TITLE: Soul Sessions Oslo søker administrativ leder
2024-10-25 23:28:29,556 | INFO | TITLE: Vi trenger flere flinke frisører
2024-10-25 23:28:30,988 | INFO | TITLE: Dyktig frisører søkes
2024-10-25 23:28:31,940 | INFO | TITLE: kokk
2024-10-25 23:28:33,338 | INFO | TITLE: fulltid servitør
2024-10-25 23:28:34,460 | INFO | TITLE: Fagleder IKT
2024-10-25 23:28:35,946 | INFO | TITLE: Fagansvarlig Statsautorisert Regnskapsfører
2024-10-25 23:28:37,395 | INFO | TITLE: Jobb hjemmefra som møtebooker, tjen 1000-4000 kr per møtebooking
2024-10-25 23:28:38,425 | INFO | TITLE: Mystery Shopper og Alderskontrollør Kirkenes
2024-10-25 23:28:39,965 | INFO | TITLE: Helsesekretær til Nordbyen legesenter
2024-10-25 23:28:41,430 | INFO | TITLE: Mystery Shopper og Alderskontrollør Alta
2024-10-25 23:28:43,535 | INFO | TITLE: B2B Salgsekspert - Møtebooking og relasjonsbygger i Bergen
2024-10-25 23:28:44,807 | INFO | TITLE: Mysteryshopper/Alderskontrollør Harstad
2024-10-25 23:28:46,113 | INFO | TITLE: Mystery Shopper og Alderskontrollør Tromsø
2024-10-25 23:28:47,472 | INFO | TITLE: Mysteryshopper/Alderskontrollør
2024-10-25 23:29:00,113 | INFO | SCRAPING ARBEIDSPLASSEN WITH None=
2024-10-25 23:29:00,114 | INFO | SCRAPING PAGE 1
2024-10-25 23:29:03,549 | INFO | TITLE: Serviceinnstilt kino- og kioskvert til Harstad Kino
2024-10-25 23:29:04,881 | INFO | TITLE: Engasjert medarbeider søkes
2024-10-25 23:29:05,805 | INFO | TITLE: Billakkerer/Smart Repair søkes for snarlig ansettelse.
2024-10-25 23:29:06,772 | INFO | TITLE: TAXISJÅFØR
2024-10-25 23:29:08,367 | INFO | TITLE: SJÅFØR MINIBUSS
2024-10-25 23:29:09,422 | INFO | TITLE: Vi søker kjøkkenmedarbeider hos Jordbærpikene Buskerud
2024-10-25 23:29:10,476 | INFO | TITLE: Vi ser etter skjulte talenter! Er det deg?
2024-10-25 23:29:11,832 | INFO | TITLE: Vi ser etter skjulte perler! Er det deg?
2024-10-25 23:29:13,449 | INFO | TITLE: Er du en utpreget nattugle, som trives best med å jobbe natt?
2024-10-25 23:29:14,518 | INFO | TITLE: Vi ser etter deg som har fart i kroppen, glimt i øyet og som motiveres av glade og fornøyde kunder
2024-10-25 23:29:16,007 | INFO | TITLE: Soul Sessions Oslo søker administrativ leder
2024-10-25 23:29:17,475 | INFO | TITLE: Vi trenger flere flinke frisører
2024-10-25 23:29:18,707 | INFO | TITLE: Dyktig frisører søkes
2024-10-25 23:29:20,237 | INFO | TITLE: kokk
2024-10-25 23:29:21,162 | INFO | TITLE: fulltid servitør
2024-10-25 23:29:23,036 | INFO | TITLE: Fagleder IKT
2024-10-25 23:29:24,517 | INFO | TITLE: Fagansvarlig Statsautorisert Regnskapsfører
2024-10-25 23:29:25,650 | INFO | TITLE: Jobb hjemmefra som møtebooker, tjen 1000-4000 kr per møtebooking
2024-10-25 23:29:27,204 | INFO | TITLE: Mystery Shopper og Alderskontrollør Kirkenes
2024-10-25 23:29:28,541 | INFO | TITLE: Helsesekretær til Nordbyen legesenter
2024-10-25 23:29:30,069 | INFO | TITLE: Mystery Shopper og Alderskontrollør Alta
2024-10-25 23:29:31,054 | INFO | TITLE: B2B Salgsekspert - Møtebooking og relasjonsbygger i Bergen
2024-10-25 23:29:32,212 | INFO | TITLE: Mysteryshopper/Alderskontrollør Harstad
2024-10-25 23:29:33,442 | INFO | TITLE: Mystery Shopper og Alderskontrollør Tromsø
2024-10-25 23:29:34,885 | INFO | TITLE: Mysteryshopper/Alderskontrollør
